<?xml version="1.0" encoding="UTF-8"?>
<testng-results skipped="0" failed="0" ignored="0" total="6" passed="6">
  <reporter-output>
  </reporter-output>
  <suite name="Surefire suite" duration-ms="16093" started-at="2020-04-14T16:14:57Z" finished-at="2020-04-14T16:15:14Z">
    <groups>
      <group name="regression">
        <method signature="BankTest.bankManagerShouldAddCustomerSuccessfully()[pri:0, instance:com.bank.testsuite.BankTest@13a57a3b]" name="bankManagerShouldAddCustomerSuccessfully" class="com.bank.testsuite.BankTest"/>
        <method signature="BankTest.bankManagerShouldDeleteCustomerSuccessfully()[pri:5, instance:com.bank.testsuite.BankTest@13a57a3b]" name="bankManagerShouldDeleteCustomerSuccessfully" class="com.bank.testsuite.BankTest"/>
        <method signature="BankTest.bankManagerShouldOpenAccountSuccessfully()[pri:1, instance:com.bank.testsuite.BankTest@13a57a3b]" name="bankManagerShouldOpenAccountSuccessfully" class="com.bank.testsuite.BankTest"/>
        <method signature="BankTest.customerShouldLoginAndLogoutSuccessfully()[pri:2, instance:com.bank.testsuite.BankTest@13a57a3b]" name="customerShouldLoginAndLogoutSuccessfully" class="com.bank.testsuite.BankTest"/>
        <method signature="BankTest.verifyCustomerShouldDepositMoneySuccessfully()[pri:3, instance:com.bank.testsuite.BankTest@13a57a3b]" name="verifyCustomerShouldDepositMoneySuccessfully" class="com.bank.testsuite.BankTest"/>
        <method signature="BankTest.verifyCustomerShouldWithdrawMoneySuccessfully()[pri:4, instance:com.bank.testsuite.BankTest@13a57a3b]" name="verifyCustomerShouldWithdrawMoneySuccessfully" class="com.bank.testsuite.BankTest"/>
      </group> <!-- regression -->
    </groups>
    <test name="Surefire test" duration-ms="16093" started-at="2020-04-14T16:14:57Z" finished-at="2020-04-14T16:15:14Z">
      <class name="com.bank.testsuite.BankTest">
        <test-method status="PASS" signature="setUp()[pri:0, instance:com.bank.testsuite.BankTest@13a57a3b]" name="setUp" is-config="true" duration-ms="7" started-at="2020-04-14T16:14:57Z" finished-at="2020-04-14T16:14:58Z">
          <reporter-output>
          </reporter-output>
        </test-method> <!-- setUp -->
        <test-method status="PASS" signature="openBrowser()[pri:0, instance:com.bank.testsuite.BankTest@13a57a3b]" name="openBrowser" is-config="true" duration-ms="10746" started-at="2020-04-14T16:14:58Z" finished-at="2020-04-14T16:15:08Z">
          <reporter-output>
          </reporter-output>
        </test-method> <!-- openBrowser -->
        <test-method status="PASS" signature="bankManagerShouldAddCustomerSuccessfully()[pri:0, instance:com.bank.testsuite.BankTest@13a57a3b]" name="bankManagerShouldAddCustomerSuccessfully" duration-ms="1398" started-at="2020-04-14T16:15:08Z" finished-at="2020-04-14T16:15:10Z">
          <reporter-output>
          </reporter-output>
        </test-method> <!-- bankManagerShouldAddCustomerSuccessfully -->
        <test-method status="PASS" signature="bankManagerShouldOpenAccountSuccessfully()[pri:1, instance:com.bank.testsuite.BankTest@13a57a3b]" name="bankManagerShouldOpenAccountSuccessfully" duration-ms="621" started-at="2020-04-14T16:15:10Z" finished-at="2020-04-14T16:15:10Z">
          <reporter-output>
          </reporter-output>
        </test-method> <!-- bankManagerShouldOpenAccountSuccessfully -->
        <test-method status="PASS" signature="customerShouldLoginAndLogoutSuccessfully()[pri:2, instance:com.bank.testsuite.BankTest@13a57a3b]" name="customerShouldLoginAndLogoutSuccessfully" duration-ms="763" started-at="2020-04-14T16:15:10Z" finished-at="2020-04-14T16:15:11Z">
          <reporter-output>
          </reporter-output>
        </test-method> <!-- customerShouldLoginAndLogoutSuccessfully -->
        <test-method status="PASS" signature="verifyCustomerShouldDepositMoneySuccessfully()[pri:3, instance:com.bank.testsuite.BankTest@13a57a3b]" name="verifyCustomerShouldDepositMoneySuccessfully" duration-ms="736" started-at="2020-04-14T16:15:11Z" finished-at="2020-04-14T16:15:12Z">
          <reporter-output>
          </reporter-output>
        </test-method> <!-- verifyCustomerShouldDepositMoneySuccessfully -->
        <test-method status="PASS" signature="verifyCustomerShouldWithdrawMoneySuccessfully()[pri:4, instance:com.bank.testsuite.BankTest@13a57a3b]" name="verifyCustomerShouldWithdrawMoneySuccessfully" duration-ms="705" started-at="2020-04-14T16:15:12Z" finished-at="2020-04-14T16:15:12Z">
          <reporter-output>
          </reporter-output>
        </test-method> <!-- verifyCustomerShouldWithdrawMoneySuccessfully -->
        <test-method status="PASS" signature="bankManagerShouldDeleteCustomerSuccessfully()[pri:5, instance:com.bank.testsuite.BankTest@13a57a3b]" name="bankManagerShouldDeleteCustomerSuccessfully" duration-ms="459" started-at="2020-04-14T16:15:12Z" finished-at="2020-04-14T16:15:13Z">
          <reporter-output>
          </reporter-output>
        </test-method> <!-- bankManagerShouldDeleteCustomerSuccessfully -->
        <test-method status="PASS" signature="tearDown()[pri:0, instance:com.bank.testsuite.BankTest@13a57a3b]" name="tearDown" is-config="true" duration-ms="640" started-at="2020-04-14T16:15:13Z" finished-at="2020-04-14T16:15:14Z">
          <reporter-output>
          </reporter-output>
        </test-method> <!-- tearDown -->
      </class> <!-- com.bank.testsuite.BankTest -->
    </test> <!-- Surefire test -->
  </suite> <!-- Surefire suite -->
</testng-results>
