<?xml version="1.0" encoding="UTF-8"?>
<!-- Generated by org.testng.reporters.JUnitXMLReporter -->
<testsuite hostname="LAPTOP-QHQ0BOBD" ignored="0" name="Surefire test" tests="6" failures="0" timestamp="14 Apr 2020 16:15:14 GMT" time="16.093" errors="0">
  <testcase name="bankManagerShouldAddCustomerSuccessfully" time="1.398" classname="com.bank.testsuite.BankTest"/>
  <testcase name="bankManagerShouldOpenAccountSuccessfully" time="0.621" classname="com.bank.testsuite.BankTest"/>
  <testcase name="customerShouldLoginAndLogoutSuccessfully" time="0.763" classname="com.bank.testsuite.BankTest"/>
  <testcase name="verifyCustomerShouldDepositMoneySuccessfully" time="0.736" classname="com.bank.testsuite.BankTest"/>
  <testcase name="verifyCustomerShouldWithdrawMoneySuccessfully" time="0.705" classname="com.bank.testsuite.BankTest"/>
  <testcase name="bankManagerShouldDeleteCustomerSuccessfully" time="0.459" classname="com.bank.testsuite.BankTest"/>
</testsuite> <!-- Surefire test -->
