<?xml version="1.0" encoding="UTF-8"?>
<testng-results skipped="0" failed="0" ignored="0" total="1" passed="1">
  <reporter-output>
  </reporter-output>
  <suite name="Surefire suite" duration-ms="13487" started-at="2020-04-14T16:07:57Z" finished-at="2020-04-14T16:08:11Z">
    <groups>
    </groups>
    <test name="Surefire test" duration-ms="13487" started-at="2020-04-14T16:07:57Z" finished-at="2020-04-14T16:08:11Z">
      <class name="com.demo.nopcommerce.testsuite.LoginTest">
        <test-method status="PASS" signature="openBrowser()[pri:0, instance:com.demo.nopcommerce.testsuite.LoginTest@69d9c55]" name="openBrowser" is-config="true" duration-ms="11646" started-at="2020-04-14T16:07:57Z" finished-at="2020-04-14T16:08:09Z">
          <reporter-output>
          </reporter-output>
        </test-method> <!-- openBrowser -->
        <test-method status="PASS" signature="verifyUserShouldNavigateToLoginPage()[pri:0, instance:com.demo.nopcommerce.testsuite.LoginTest@69d9c55]" name="verifyUserShouldNavigateToLoginPage" duration-ms="1162" started-at="2020-04-14T16:08:09Z" finished-at="2020-04-14T16:08:10Z">
          <reporter-output>
          </reporter-output>
        </test-method> <!-- verifyUserShouldNavigateToLoginPage -->
        <test-method status="PASS" signature="tearDown()[pri:0, instance:com.demo.nopcommerce.testsuite.LoginTest@69d9c55]" name="tearDown" is-config="true" duration-ms="663" started-at="2020-04-14T16:08:10Z" finished-at="2020-04-14T16:08:11Z">
          <reporter-output>
          </reporter-output>
        </test-method> <!-- tearDown -->
      </class> <!-- com.demo.nopcommerce.testsuite.LoginTest -->
    </test> <!-- Surefire test -->
  </suite> <!-- Surefire suite -->
</testng-results>
